f:\games202\assignment2\prt\build\ext_build\openexr\zlib\zlib.dir\debug\vc142.pdb
f:\games202\assignment2\prt\build\ext_build\openexr\zlib\zlib.dir\debug\zutil.obj
f:\games202\assignment2\prt\build\ext_build\openexr\zlib\zlib.dir\debug\uncompr.obj
f:\games202\assignment2\prt\build\ext_build\openexr\zlib\zlib.dir\debug\trees.obj
f:\games202\assignment2\prt\build\ext_build\openexr\zlib\zlib.dir\debug\inffast.obj
f:\games202\assignment2\prt\build\ext_build\openexr\zlib\zlib.dir\debug\inftrees.obj
f:\games202\assignment2\prt\build\ext_build\openexr\zlib\zlib.dir\debug\infback.obj
f:\games202\assignment2\prt\build\ext_build\openexr\zlib\zlib.dir\debug\inflate.obj
f:\games202\assignment2\prt\build\ext_build\openexr\zlib\zlib.dir\debug\gzwrite.obj
f:\games202\assignment2\prt\build\ext_build\openexr\zlib\zlib.dir\debug\gzread.obj
f:\games202\assignment2\prt\build\ext_build\openexr\zlib\zlib.dir\debug\gzlib.obj
f:\games202\assignment2\prt\build\ext_build\openexr\zlib\zlib.dir\debug\gzclose.obj
f:\games202\assignment2\prt\build\ext_build\openexr\zlib\zlib.dir\debug\deflate.obj
f:\games202\assignment2\prt\build\ext_build\openexr\zlib\zlib.dir\debug\crc32.obj
f:\games202\assignment2\prt\build\ext_build\openexr\zlib\zlib.dir\debug\compress.obj
f:\games202\assignment2\prt\build\ext_build\openexr\zlib\zlib.dir\debug\adler32.obj
f:\games202\assignment2\prt\build\ext_build\openexr\zlib\cmakefiles\generate.stamp
f:\games202\assignment2\prt\build\ext_build\openexr\zlib\debug\zlib1.ilk
f:\games202\assignment2\prt\build\ext_build\openexr\zlib\debug\zlib1.dll
f:\games202\assignment2\prt\build\ext_build\openexr\zlib\debug\zlib.pdb
f:\games202\assignment2\prt\build\ext_build\openexr\zlib\zlib.dir\debug\zlib1.res
f:\games202\assignment2\prt\build\ext_build\openexr\zlib\debug\zlib.lib
f:\games202\assignment2\prt\build\ext_build\openexr\zlib\debug\zlib.exp
f:\games202\assignment2\prt\build\ext_build\openexr\zlib\zlib.dir\debug\zlib.tlog\cl.command.1.tlog
f:\games202\assignment2\prt\build\ext_build\openexr\zlib\zlib.dir\debug\zlib.tlog\cl.read.1.tlog
f:\games202\assignment2\prt\build\ext_build\openexr\zlib\zlib.dir\debug\zlib.tlog\cl.write.1.tlog
f:\games202\assignment2\prt\build\ext_build\openexr\zlib\zlib.dir\debug\zlib.tlog\custombuild.command.1.tlog
f:\games202\assignment2\prt\build\ext_build\openexr\zlib\zlib.dir\debug\zlib.tlog\custombuild.read.1.tlog
f:\games202\assignment2\prt\build\ext_build\openexr\zlib\zlib.dir\debug\zlib.tlog\custombuild.write.1.tlog
f:\games202\assignment2\prt\build\ext_build\openexr\zlib\zlib.dir\debug\zlib.tlog\link.command.1.tlog
f:\games202\assignment2\prt\build\ext_build\openexr\zlib\zlib.dir\debug\zlib.tlog\link.read.1.tlog
f:\games202\assignment2\prt\build\ext_build\openexr\zlib\zlib.dir\debug\zlib.tlog\link.write.1.tlog
f:\games202\assignment2\prt\build\ext_build\openexr\zlib\zlib.dir\debug\zlib.tlog\rc.command.1.tlog
f:\games202\assignment2\prt\build\ext_build\openexr\zlib\zlib.dir\debug\zlib.tlog\rc.read.1.tlog
f:\games202\assignment2\prt\build\ext_build\openexr\zlib\zlib.dir\debug\zlib.tlog\rc.write.1.tlog
f:\games202\assignment2\prt\build\ext_build\openexr\zlib\zlib.dir\debug\zlib.tlog\zlib.write.1u.tlog
