f:\games202\assignment2\prt\build\ext_build\openexr\ilmbase\ilmthread\ilmthread.dir\debug\ilmthreadsemaphoreposixcompat.obj
f:\games202\assignment2\prt\build\ext_build\openexr\ilmbase\ilmthread\ilmthread.dir\debug\ilmthreadmutex.obj
f:\games202\assignment2\prt\build\ext_build\openexr\ilmbase\ilmthread\ilmthread.dir\debug\ilmthreadsemaphore.obj
f:\games202\assignment2\prt\build\ext_build\openexr\ilmbase\ilmthread\ilmthread.dir\debug\ilmthreadwin32.obj
f:\games202\assignment2\prt\build\ext_build\openexr\ilmbase\ilmthread\ilmthread.dir\debug\ilmthread.obj
f:\games202\assignment2\prt\build\ext_build\openexr\ilmbase\ilmthread\ilmthread.dir\debug\ilmthreadmutexwin32.obj
f:\games202\assignment2\prt\build\ext_build\openexr\ilmbase\ilmthread\ilmthread.dir\debug\ilmthreadpool.obj
f:\games202\assignment2\prt\build\ext_build\openexr\ilmbase\ilmthread\ilmthread.dir\debug\ilmthreadsemaphoreposix.obj
f:\games202\assignment2\prt\build\ext_build\openexr\ilmbase\ilmthread\ilmthread.dir\debug\ilmthreadmutexposix.obj
f:\games202\assignment2\prt\build\ext_build\openexr\ilmbase\ilmthread\ilmthread.dir\debug\ilmthreadsemaphorewin32.obj
f:\games202\assignment2\prt\build\ext_build\openexr\ilmbase\ilmthread\ilmthread.dir\debug\ilmthreadposix.obj
f:\games202\assignment2\prt\build\ext_build\openexr\ilmbase\ilmthread\ilmthread.dir\debug\ilmthread.pdb
f:\games202\assignment2\prt\build\ext_build\openexr\ilmbase\ilmthread\cmakefiles\generate.stamp
f:\games202\assignment2\prt\build\ext_build\openexr\ilmbase\ilmthread\debug\ilmthread.lib
f:\games202\assignment2\prt\build\ext_build\openexr\ilmbase\ilmthread\ilmthread.dir\debug\ilmthread.tlog\cl.15684.write.1.tlog
f:\games202\assignment2\prt\build\ext_build\openexr\ilmbase\ilmthread\ilmthread.dir\debug\ilmthread.tlog\cl.command.1.tlog
f:\games202\assignment2\prt\build\ext_build\openexr\ilmbase\ilmthread\ilmthread.dir\debug\ilmthread.tlog\cl.read.1.tlog
f:\games202\assignment2\prt\build\ext_build\openexr\ilmbase\ilmthread\ilmthread.dir\debug\ilmthread.tlog\custombuild.command.1.tlog
f:\games202\assignment2\prt\build\ext_build\openexr\ilmbase\ilmthread\ilmthread.dir\debug\ilmthread.tlog\custombuild.read.1.tlog
f:\games202\assignment2\prt\build\ext_build\openexr\ilmbase\ilmthread\ilmthread.dir\debug\ilmthread.tlog\custombuild.write.1.tlog
f:\games202\assignment2\prt\build\ext_build\openexr\ilmbase\ilmthread\ilmthread.dir\debug\ilmthread.tlog\lib-link.read.1.tlog
f:\games202\assignment2\prt\build\ext_build\openexr\ilmbase\ilmthread\ilmthread.dir\debug\ilmthread.tlog\lib-link.write.1.tlog
f:\games202\assignment2\prt\build\ext_build\openexr\ilmbase\ilmthread\ilmthread.dir\debug\ilmthread.tlog\lib.command.1.tlog
