f:\games202\assignment2\prt\build\ext_build\nanogui\ext\glfw\src\glfw_objects.dir\debug\glfw_objects.pdb
f:\games202\assignment2\prt\build\ext_build\nanogui\ext\glfw\src\glfw_objects.dir\debug\osmesa_context.obj
f:\games202\assignment2\prt\build\ext_build\nanogui\ext\glfw\src\glfw_objects.dir\debug\egl_context.obj
f:\games202\assignment2\prt\build\ext_build\nanogui\ext\glfw\src\glfw_objects.dir\debug\wgl_context.obj
f:\games202\assignment2\prt\build\ext_build\nanogui\ext\glfw\src\glfw_objects.dir\debug\win32_window.obj
f:\games202\assignment2\prt\build\ext_build\nanogui\ext\glfw\src\glfw_objects.dir\debug\win32_thread.obj
f:\games202\assignment2\prt\build\ext_build\nanogui\ext\glfw\src\glfw_objects.dir\debug\win32_time.obj
f:\games202\assignment2\prt\build\ext_build\nanogui\ext\glfw\src\glfw_objects.dir\debug\win32_monitor.obj
f:\games202\assignment2\prt\build\ext_build\nanogui\ext\glfw\src\glfw_objects.dir\debug\win32_joystick.obj
f:\games202\assignment2\prt\build\ext_build\nanogui\ext\glfw\src\glfw_objects.dir\debug\win32_init.obj
f:\games202\assignment2\prt\build\ext_build\nanogui\ext\glfw\src\glfw_objects.dir\debug\window.obj
f:\games202\assignment2\prt\build\ext_build\nanogui\ext\glfw\src\glfw_objects.dir\debug\vulkan.obj
f:\games202\assignment2\prt\build\ext_build\nanogui\ext\glfw\src\glfw_objects.dir\debug\monitor.obj
f:\games202\assignment2\prt\build\ext_build\nanogui\ext\glfw\src\glfw_objects.dir\debug\input.obj
f:\games202\assignment2\prt\build\ext_build\nanogui\ext\glfw\src\glfw_objects.dir\debug\init.obj
f:\games202\assignment2\prt\build\ext_build\nanogui\ext\glfw\src\glfw_objects.dir\debug\context.obj
f:\games202\assignment2\prt\build\ext_build\nanogui\ext\glfw\src\cmakefiles\generate.stamp
f:\games202\assignment2\prt\build\ext_build\nanogui\ext\glfw\src\glfw_objects.dir\debug\glfw_objects.lib
f:\games202\assignment2\prt\build\ext_build\nanogui\ext\glfw\src\glfw_objects.dir\debug\glfw_objects.tlog\cl.command.1.tlog
f:\games202\assignment2\prt\build\ext_build\nanogui\ext\glfw\src\glfw_objects.dir\debug\glfw_objects.tlog\cl.read.1.tlog
f:\games202\assignment2\prt\build\ext_build\nanogui\ext\glfw\src\glfw_objects.dir\debug\glfw_objects.tlog\cl.write.1.tlog
f:\games202\assignment2\prt\build\ext_build\nanogui\ext\glfw\src\glfw_objects.dir\debug\glfw_objects.tlog\custombuild.command.1.tlog
f:\games202\assignment2\prt\build\ext_build\nanogui\ext\glfw\src\glfw_objects.dir\debug\glfw_objects.tlog\custombuild.read.1.tlog
f:\games202\assignment2\prt\build\ext_build\nanogui\ext\glfw\src\glfw_objects.dir\debug\glfw_objects.tlog\custombuild.write.1.tlog
f:\games202\assignment2\prt\build\ext_build\nanogui\ext\glfw\src\glfw_objects.dir\debug\glfw_objects.tlog\lib-link.read.1.tlog
f:\games202\assignment2\prt\build\ext_build\nanogui\ext\glfw\src\glfw_objects.dir\debug\glfw_objects.tlog\lib-link.write.1.tlog
f:\games202\assignment2\prt\build\ext_build\nanogui\ext\glfw\src\glfw_objects.dir\debug\glfw_objects.tlog\lib.command.1.tlog
