f:\games202\assignment2\prt\build\ext_build\zlib\zlibstatic.dir\debug\zlibstatic.pdb
f:\games202\assignment2\prt\build\ext_build\zlib\zlibstatic.dir\debug\zutil.obj
f:\games202\assignment2\prt\build\ext_build\zlib\zlibstatic.dir\debug\uncompr.obj
f:\games202\assignment2\prt\build\ext_build\zlib\zlibstatic.dir\debug\trees.obj
f:\games202\assignment2\prt\build\ext_build\zlib\zlibstatic.dir\debug\inffast.obj
f:\games202\assignment2\prt\build\ext_build\zlib\zlibstatic.dir\debug\inftrees.obj
f:\games202\assignment2\prt\build\ext_build\zlib\zlibstatic.dir\debug\infback.obj
f:\games202\assignment2\prt\build\ext_build\zlib\zlibstatic.dir\debug\inflate.obj
f:\games202\assignment2\prt\build\ext_build\zlib\zlibstatic.dir\debug\gzwrite.obj
f:\games202\assignment2\prt\build\ext_build\zlib\zlibstatic.dir\debug\gzread.obj
f:\games202\assignment2\prt\build\ext_build\zlib\zlibstatic.dir\debug\gzlib.obj
f:\games202\assignment2\prt\build\ext_build\zlib\zlibstatic.dir\debug\gzclose.obj
f:\games202\assignment2\prt\build\ext_build\zlib\zlibstatic.dir\debug\deflate.obj
f:\games202\assignment2\prt\build\ext_build\zlib\zlibstatic.dir\debug\crc32.obj
f:\games202\assignment2\prt\build\ext_build\zlib\zlibstatic.dir\debug\compress.obj
f:\games202\assignment2\prt\build\ext_build\zlib\zlibstatic.dir\debug\adler32.obj
f:\games202\assignment2\prt\build\ext_build\zlib\cmakefiles\generate.stamp
f:\games202\assignment2\prt\build\ext_build\zlib\debug\zlibstatic.lib
f:\games202\assignment2\prt\build\ext_build\zlib\zlibstatic.dir\debug\zlibstatic.tlog\cl.command.1.tlog
f:\games202\assignment2\prt\build\ext_build\zlib\zlibstatic.dir\debug\zlibstatic.tlog\cl.read.1.tlog
f:\games202\assignment2\prt\build\ext_build\zlib\zlibstatic.dir\debug\zlibstatic.tlog\cl.write.1.tlog
f:\games202\assignment2\prt\build\ext_build\zlib\zlibstatic.dir\debug\zlibstatic.tlog\custombuild.command.1.tlog
f:\games202\assignment2\prt\build\ext_build\zlib\zlibstatic.dir\debug\zlibstatic.tlog\custombuild.read.1.tlog
f:\games202\assignment2\prt\build\ext_build\zlib\zlibstatic.dir\debug\zlibstatic.tlog\custombuild.write.1.tlog
f:\games202\assignment2\prt\build\ext_build\zlib\zlibstatic.dir\debug\zlibstatic.tlog\lib-link.read.1.tlog
f:\games202\assignment2\prt\build\ext_build\zlib\zlibstatic.dir\debug\zlibstatic.tlog\lib-link.write.1.tlog
f:\games202\assignment2\prt\build\ext_build\zlib\zlibstatic.dir\debug\zlibstatic.tlog\lib.command.1.tlog
