f:\games202\assignment2\prt\build\ext_build\nanogui\nanogui.dir\debug\nanogui.pdb
f:\games202\assignment2\prt\build\ext_build\nanogui\nanogui.dir\debug\nanovg.obj
f:\games202\assignment2\prt\build\ext_build\nanogui\nanogui.dir\debug\common.obj
f:\games202\assignment2\prt\build\ext_build\nanogui\nanogui.dir\debug\progressbar.obj
f:\games202\assignment2\prt\build\ext_build\nanogui\nanogui.dir\debug\graph.obj
f:\games202\assignment2\prt\build\ext_build\nanogui\nanogui.dir\debug\widget.obj
f:\games202\assignment2\prt\build\ext_build\nanogui\nanogui.dir\debug\button.obj
f:\games202\assignment2\prt\build\ext_build\nanogui\nanogui.dir\debug\imagepanel.obj
f:\games202\assignment2\prt\build\ext_build\nanogui\nanogui.dir\debug\canvas.obj
f:\games202\assignment2\prt\build\ext_build\nanogui\nanogui.dir\debug\opengl.obj
f:\games202\assignment2\prt\build\ext_build\nanogui\nanogui.dir\debug\screen.obj
f:\games202\assignment2\prt\build\ext_build\nanogui\nanogui.dir\debug\textarea.obj
f:\games202\assignment2\prt\build\ext_build\nanogui\nanogui.dir\debug\texture.obj
f:\games202\assignment2\prt\build\ext_build\nanogui\nanogui.dir\debug\renderpass_gl.obj
f:\games202\assignment2\prt\build\ext_build\nanogui\nanogui.dir\debug\popup.obj
f:\games202\assignment2\prt\build\ext_build\nanogui\nanogui.dir\debug\slider.obj
f:\games202\assignment2\prt\build\ext_build\nanogui\nanogui.dir\debug\tabwidget.obj
f:\games202\assignment2\prt\build\ext_build\nanogui\nanogui.dir\debug\theme.obj
f:\games202\assignment2\prt\build\ext_build\nanogui\nanogui.dir\debug\window.obj
f:\games202\assignment2\prt\build\ext_build\nanogui\nanogui.dir\debug\messagedialog.obj
f:\games202\assignment2\prt\build\ext_build\nanogui\nanogui.dir\debug\colorpicker.obj
f:\games202\assignment2\prt\build\ext_build\nanogui\nanogui.dir\debug\imageview.obj
f:\games202\assignment2\prt\build\ext_build\nanogui\nanogui.dir\debug\nanogui_resources.obj
f:\games202\assignment2\prt\build\ext_build\nanogui\nanogui.dir\debug\layout.obj
f:\games202\assignment2\prt\build\ext_build\nanogui\nanogui.dir\debug\popupbutton.obj
f:\games202\assignment2\prt\build\ext_build\nanogui\nanogui.dir\debug\colorwheel.obj
f:\games202\assignment2\prt\build\ext_build\nanogui\nanogui.dir\debug\shader_gl.obj
f:\games202\assignment2\prt\build\ext_build\nanogui\nanogui.dir\debug\checkbox.obj
f:\games202\assignment2\prt\build\ext_build\nanogui\nanogui.dir\debug\textbox.obj
f:\games202\assignment2\prt\build\ext_build\nanogui\nanogui.dir\debug\shader.obj
f:\games202\assignment2\prt\build\ext_build\nanogui\nanogui.dir\debug\texture_gl.obj
f:\games202\assignment2\prt\build\ext_build\nanogui\nanogui.dir\debug\label.obj
f:\games202\assignment2\prt\build\ext_build\nanogui\nanogui.dir\debug\combobox.obj
f:\games202\assignment2\prt\build\ext_build\nanogui\nanogui.dir\debug\vscrollpanel.obj
f:\games202\assignment2\prt\build\ext_build\nanogui\nanogui.dir\debug\traits.obj
f:\games202\assignment2\prt\build\ext_build\nanogui\nanogui.dir\debug\glad.obj
f:\games202\assignment2\prt\build\ext_build\nanogui\nanogui_resources.cpp
f:\games202\assignment2\prt\build\ext_build\nanogui\nanogui_resources.h
f:\games202\assignment2\prt\build\ext_build\nanogui\cmakefiles\generate.stamp
f:\games202\assignment2\prt\build\ext_build\nanogui\debug\nanogui.lib
f:\games202\assignment2\prt\build\ext_build\nanogui\nanogui.dir\debug\nanogui.tlog\cl.command.1.tlog
f:\games202\assignment2\prt\build\ext_build\nanogui\nanogui.dir\debug\nanogui.tlog\cl.read.1.tlog
f:\games202\assignment2\prt\build\ext_build\nanogui\nanogui.dir\debug\nanogui.tlog\cl.write.1.tlog
f:\games202\assignment2\prt\build\ext_build\nanogui\nanogui.dir\debug\nanogui.tlog\custombuild.command.1.tlog
f:\games202\assignment2\prt\build\ext_build\nanogui\nanogui.dir\debug\nanogui.tlog\custombuild.read.1.tlog
f:\games202\assignment2\prt\build\ext_build\nanogui\nanogui.dir\debug\nanogui.tlog\custombuild.write.1.tlog
f:\games202\assignment2\prt\build\ext_build\nanogui\nanogui.dir\debug\nanogui.tlog\lib-link.read.1.tlog
f:\games202\assignment2\prt\build\ext_build\nanogui\nanogui.dir\debug\nanogui.tlog\lib-link.write.1.tlog
f:\games202\assignment2\prt\build\ext_build\nanogui\nanogui.dir\debug\nanogui.tlog\lib.command.1.tlog
