f:\games202\assignment2\prt\build\ext_build\tbb\tbb_static.dir\debug\tbb_static.pdb
f:\games202\assignment2\prt\build\ext_build\tbb\tbb_static.dir\debug\scheduler.obj
f:\games202\assignment2\prt\build\ext_build\tbb\tbb_static.dir\debug\task_v2.obj
f:\games202\assignment2\prt\build\ext_build\tbb\tbb_static.dir\debug\concurrent_vector.obj
f:\games202\assignment2\prt\build\ext_build\tbb\tbb_static.dir\debug\governor.obj
f:\games202\assignment2\prt\build\ext_build\tbb\tbb_static.dir\debug\recursive_mutex.obj
f:\games202\assignment2\prt\build\ext_build\tbb\tbb_static.dir\debug\tbb_statistics.obj
f:\games202\assignment2\prt\build\ext_build\tbb\tbb_static.dir\debug\rml_tbb.obj
f:\games202\assignment2\prt\build\ext_build\tbb\tbb_static.dir\debug\concurrent_hash_map.obj
f:\games202\assignment2\prt\build\ext_build\tbb\tbb_static.dir\debug\critical_section.obj
f:\games202\assignment2\prt\build\ext_build\tbb\tbb_static.dir\debug\queuing_rw_mutex.obj
f:\games202\assignment2\prt\build\ext_build\tbb\tbb_static.dir\debug\semaphore.obj
f:\games202\assignment2\prt\build\ext_build\tbb\tbb_static.dir\debug\tbb_thread.obj
f:\games202\assignment2\prt\build\ext_build\tbb\tbb_static.dir\debug\concurrent_vector_v2.obj
f:\games202\assignment2\prt\build\ext_build\tbb\tbb_static.dir\debug\dynamic_link.obj
f:\games202\assignment2\prt\build\ext_build\tbb\tbb_static.dir\debug\private_server.obj
f:\games202\assignment2\prt\build\ext_build\tbb\tbb_static.dir\debug\tbb_main.obj
f:\games202\assignment2\prt\build\ext_build\tbb\tbb_static.dir\debug\concurrent_monitor.obj
f:\games202\assignment2\prt\build\ext_build\tbb\tbb_static.dir\debug\mutex.obj
f:\games202\assignment2\prt\build\ext_build\tbb\tbb_static.dir\debug\spin_mutex.obj
f:\games202\assignment2\prt\build\ext_build\tbb\tbb_static.dir\debug\tbb_misc.obj
f:\games202\assignment2\prt\build\ext_build\tbb\tbb_static.dir\debug\cache_aligned_allocator.obj
f:\games202\assignment2\prt\build\ext_build\tbb\tbb_static.dir\debug\itt_notify.obj
f:\games202\assignment2\prt\build\ext_build\tbb\tbb_static.dir\debug\observer_proxy.obj
f:\games202\assignment2\prt\build\ext_build\tbb\tbb_static.dir\debug\task_group_context.obj
f:\games202\assignment2\prt\build\ext_build\tbb\tbb_static.dir\debug\concurrent_queue_v2.obj
f:\games202\assignment2\prt\build\ext_build\tbb\tbb_static.dir\debug\concurrent_queue.obj
f:\games202\assignment2\prt\build\ext_build\tbb\tbb_static.dir\debug\market.obj
f:\games202\assignment2\prt\build\ext_build\tbb\tbb_static.dir\debug\task.obj
f:\games202\assignment2\prt\build\ext_build\tbb\tbb_static.dir\debug\spin_rw_mutex_v2.obj
f:\games202\assignment2\prt\build\ext_build\tbb\tbb_static.dir\debug\condition_variable.obj
f:\games202\assignment2\prt\build\ext_build\tbb\tbb_static.dir\debug\queuing_mutex.obj
f:\games202\assignment2\prt\build\ext_build\tbb\tbb_static.dir\debug\reader_writer_lock.obj
f:\games202\assignment2\prt\build\ext_build\tbb\tbb_static.dir\debug\x86_rtm_rw_mutex.obj
f:\games202\assignment2\prt\build\ext_build\tbb\tbb_static.dir\debug\arena.obj
f:\games202\assignment2\prt\build\ext_build\tbb\tbb_static.dir\debug\pipeline.obj
f:\games202\assignment2\prt\build\ext_build\tbb\tbb_static.dir\debug\spin_rw_mutex.obj
f:\games202\assignment2\prt\build\ext_build\tbb\tbb_static.dir\debug\tbb_misc_ex.obj
f:\games202\assignment2\prt\build\ext_build\tbb\cmakefiles\generate.stamp
f:\games202\assignment2\prt\build\ext_build\tbb\debug\tbb_static.lib
f:\games202\assignment2\prt\build\ext_build\tbb\tbb_static.dir\debug\atomic_support.obj
f:\games202\assignment2\prt\build\ext_build\tbb\tbb_static.dir\debug\itsx.obj
f:\games202\assignment2\prt\build\ext_build\tbb\tbb_static.dir\debug\intel64_misc.obj
f:\games202\assignment2\prt\build\ext_build\tbb\tbb_static.dir\debug\tbb_static.tlog\cl.command.1.tlog
f:\games202\assignment2\prt\build\ext_build\tbb\tbb_static.dir\debug\tbb_static.tlog\cl.read.1.tlog
f:\games202\assignment2\prt\build\ext_build\tbb\tbb_static.dir\debug\tbb_static.tlog\cl.write.1.tlog
f:\games202\assignment2\prt\build\ext_build\tbb\tbb_static.dir\debug\tbb_static.tlog\custombuild.command.1.tlog
f:\games202\assignment2\prt\build\ext_build\tbb\tbb_static.dir\debug\tbb_static.tlog\custombuild.read.1.tlog
f:\games202\assignment2\prt\build\ext_build\tbb\tbb_static.dir\debug\tbb_static.tlog\custombuild.write.1.tlog
f:\games202\assignment2\prt\build\ext_build\tbb\tbb_static.dir\debug\tbb_static.tlog\lib-link.read.1.tlog
f:\games202\assignment2\prt\build\ext_build\tbb\tbb_static.dir\debug\tbb_static.tlog\lib-link.write.1.tlog
f:\games202\assignment2\prt\build\ext_build\tbb\tbb_static.dir\debug\tbb_static.tlog\lib.command.1.tlog
f:\games202\assignment2\prt\build\ext_build\tbb\tbb_static.dir\debug\tbb_static.tlog\masm.read.1u.tlog
f:\games202\assignment2\prt\build\ext_build\tbb\tbb_static.dir\debug\tbb_static.tlog\masm.write.1u.tlog
