f:\games202\assignment2\prt\build\ext_build\openexr\openexr\ilmimf\ilmimf.dir\debug\imfattribute.obj
f:\games202\assignment2\prt\build\ext_build\openexr\openexr\ilmimf\ilmimf.dir\debug\imfmatrixattribute.obj
f:\games202\assignment2\prt\build\ext_build\openexr\openexr\ilmimf\ilmimf.dir\debug\imfvecattribute.obj
f:\games202\assignment2\prt\build\ext_build\openexr\openexr\ilmimf\ilmimf.dir\debug\imfcompressor.obj
f:\games202\assignment2\prt\build\ext_build\openexr\openexr\ilmimf\ilmimf.dir\debug\imfpreviewimage.obj
f:\games202\assignment2\prt\build\ext_build\openexr\openexr\ilmimf\ilmimf.dir\debug\imfrational.obj
f:\games202\assignment2\prt\build\ext_build\openexr\openexr\ilmimf\ilmimf.dir\debug\imfrationalattribute.obj
f:\games202\assignment2\prt\build\ext_build\openexr\openexr\ilmimf\ilmimf.dir\debug\imftiledoutputfile.obj
f:\games202\assignment2\prt\build\ext_build\openexr\openexr\ilmimf\ilmimf.dir\debug\imfmultipartinputfile.obj
f:\games202\assignment2\prt\build\ext_build\openexr\openexr\ilmimf\ilmimf.dir\debug\imfdeepframebuffer.obj
f:\games202\assignment2\prt\build\ext_build\openexr\openexr\ilmimf\ilmimf.dir\debug\imffloatvectorattribute.obj
f:\games202\assignment2\prt\build\ext_build\openexr\openexr\ilmimf\ilmimf.dir\debug\imfboxattribute.obj
f:\games202\assignment2\prt\build\ext_build\openexr\openexr\ilmimf\ilmimf.dir\debug\imfheader.obj
f:\games202\assignment2\prt\build\ext_build\openexr\openexr\ilmimf\ilmimf.dir\debug\imfzipcompressor.obj
f:\games202\assignment2\prt\build\ext_build\openexr\openexr\ilmimf\ilmimf.dir\debug\imfversion.obj
f:\games202\assignment2\prt\build\ext_build\openexr\openexr\ilmimf\ilmimf.dir\debug\imfchromaticities.obj
f:\games202\assignment2\prt\build\ext_build\openexr\openexr\ilmimf\ilmimf.dir\debug\imfstandardattributes.obj
f:\games202\assignment2\prt\build\ext_build\openexr\openexr\ilmimf\ilmimf.dir\debug\imfrgbayca.obj
f:\games202\assignment2\prt\build\ext_build\openexr\openexr\ilmimf\ilmimf.dir\debug\imfmultiview.obj
f:\games202\assignment2\prt\build\ext_build\openexr\openexr\ilmimf\ilmimf.dir\debug\imfparttype.obj
f:\games202\assignment2\prt\build\ext_build\openexr\openexr\ilmimf\ilmimf.dir\debug\imftiledoutputpart.obj
f:\games202\assignment2\prt\build\ext_build\openexr\openexr\ilmimf\ilmimf.dir\debug\imfdeepscanlineinputfile.obj
f:\games202\assignment2\prt\build\ext_build\openexr\openexr\ilmimf\ilmimf.dir\debug\imfzip.obj
f:\games202\assignment2\prt\build\ext_build\openexr\openexr\ilmimf\ilmimf.dir\debug\imfcrgbafile.obj
f:\games202\assignment2\prt\build\ext_build\openexr\openexr\ilmimf\ilmimf.dir\debug\imflineorderattribute.obj
f:\games202\assignment2\prt\build\ext_build\openexr\openexr\ilmimf\ilmimf.dir\debug\imfrgbafile.obj
f:\games202\assignment2\prt\build\ext_build\openexr\openexr\ilmimf\ilmimf.dir\debug\imfpreviewimageattribute.obj
f:\games202\assignment2\prt\build\ext_build\openexr\openexr\ilmimf\ilmimf.dir\debug\imfframespersecond.obj
f:\games202\assignment2\prt\build\ext_build\openexr\openexr\ilmimf\ilmimf.dir\debug\imfstdio.obj
f:\games202\assignment2\prt\build\ext_build\openexr\openexr\ilmimf\ilmimf.dir\debug\imftiledrgbafile.obj
f:\games202\assignment2\prt\build\ext_build\openexr\openexr\ilmimf\ilmimf.dir\debug\imfinputpartdata.obj
f:\games202\assignment2\prt\build\ext_build\openexr\openexr\ilmimf\ilmimf.dir\debug\imfdeeptiledinputfile.obj
f:\games202\assignment2\prt\build\ext_build\openexr\openexr\ilmimf\ilmimf.dir\debug\imfb44compressor.obj
f:\games202\assignment2\prt\build\ext_build\openexr\openexr\ilmimf\ilmimf.dir\debug\imfio.obj
f:\games202\assignment2\prt\build\ext_build\openexr\openexr\ilmimf\ilmimf.dir\debug\imfstringattribute.obj
f:\games202\assignment2\prt\build\ext_build\openexr\openexr\ilmimf\ilmimf.dir\debug\imfthreading.obj
f:\games202\assignment2\prt\build\ext_build\openexr\openexr\ilmimf\ilmimf.dir\debug\imfwav.obj
f:\games202\assignment2\prt\build\ext_build\openexr\openexr\ilmimf\ilmimf.dir\debug\imflut.obj
f:\games202\assignment2\prt\build\ext_build\openexr\openexr\ilmimf\ilmimf.dir\debug\imfmisc.obj
f:\games202\assignment2\prt\build\ext_build\openexr\openexr\ilmimf\ilmimf.dir\debug\imfkeycode.obj
f:\games202\assignment2\prt\build\ext_build\openexr\openexr\ilmimf\ilmimf.dir\debug\imfenvmap.obj
f:\games202\assignment2\prt\build\ext_build\openexr\openexr\ilmimf\ilmimf.dir\debug\imftileoffsets.obj
f:\games202\assignment2\prt\build\ext_build\openexr\openexr\ilmimf\ilmimf.dir\debug\imfstringvectorattribute.obj
f:\games202\assignment2\prt\build\ext_build\openexr\openexr\ilmimf\ilmimf.dir\debug\imfgenericinputfile.obj
f:\games202\assignment2\prt\build\ext_build\openexr\openexr\ilmimf\ilmimf.dir\debug\imfdeepscanlineinputpart.obj
f:\games202\assignment2\prt\build\ext_build\openexr\openexr\ilmimf\ilmimf.dir\debug\imfdeeptiledoutputfile.obj
f:\games202\assignment2\prt\build\ext_build\openexr\openexr\ilmimf\ilmimf.dir\debug\imffloatattribute.obj
f:\games202\assignment2\prt\build\ext_build\openexr\openexr\ilmimf\ilmimf.dir\debug\imfframebuffer.obj
f:\games202\assignment2\prt\build\ext_build\openexr\openexr\ilmimf\ilmimf.dir\debug\imfoutputfile.obj
f:\games202\assignment2\prt\build\ext_build\openexr\openexr\ilmimf\ilmimf.dir\debug\imfdoubleattribute.obj
f:\games202\assignment2\prt\build\ext_build\openexr\openexr\ilmimf\ilmimf.dir\debug\imftimecode.obj
f:\games202\assignment2\prt\build\ext_build\openexr\openexr\ilmimf\ilmimf.dir\debug\imfscanlineinputfile.obj
f:\games202\assignment2\prt\build\ext_build\openexr\openexr\ilmimf\ilmimf.dir\debug\imfoutputpartdata.obj
f:\games202\assignment2\prt\build\ext_build\openexr\openexr\ilmimf\ilmimf.dir\debug\imfinputpart.obj
f:\games202\assignment2\prt\build\ext_build\openexr\openexr\ilmimf\ilmimf.dir\debug\imfdeepscanlineoutputfile.obj
f:\games202\assignment2\prt\build\ext_build\openexr\openexr\ilmimf\ilmimf.dir\debug\imfchannellist.obj
f:\games202\assignment2\prt\build\ext_build\openexr\openexr\ilmimf\ilmimf.dir\debug\imfintattribute.obj
f:\games202\assignment2\prt\build\ext_build\openexr\openexr\ilmimf\ilmimf.dir\debug\imfopaqueattribute.obj
f:\games202\assignment2\prt\build\ext_build\openexr\openexr\ilmimf\ilmimf.dir\debug\imfhuf.obj
f:\games202\assignment2\prt\build\ext_build\openexr\openexr\ilmimf\ilmimf.dir\debug\imfpizcompressor.obj
f:\games202\assignment2\prt\build\ext_build\openexr\openexr\ilmimf\ilmimf.dir\debug\imfchromaticitiesattribute.obj
f:\games202\assignment2\prt\build\ext_build\openexr\openexr\ilmimf\ilmimf.dir\debug\imfenvmapattribute.obj
f:\games202\assignment2\prt\build\ext_build\openexr\openexr\ilmimf\ilmimf.dir\debug\imftiledescriptionattribute.obj
f:\games202\assignment2\prt\build\ext_build\openexr\openexr\ilmimf\ilmimf.dir\debug\imftestfile.obj
f:\games202\assignment2\prt\build\ext_build\openexr\openexr\ilmimf\ilmimf.dir\debug\imfmultipartoutputfile.obj
f:\games202\assignment2\prt\build\ext_build\openexr\openexr\ilmimf\ilmimf.dir\debug\imfdeeptiledoutputpart.obj
f:\games202\assignment2\prt\build\ext_build\openexr\openexr\ilmimf\ilmimf.dir\debug\imfdeepimagestateattribute.obj
f:\games202\assignment2\prt\build\ext_build\openexr\openexr\ilmimf\ilmimf.dir\debug\imfrle.obj
f:\games202\assignment2\prt\build\ext_build\openexr\openexr\ilmimf\ilmimf.dir\debug\imfchannellistattribute.obj
f:\games202\assignment2\prt\build\ext_build\openexr\openexr\ilmimf\ilmimf.dir\debug\imfinputfile.obj
f:\games202\assignment2\prt\build\ext_build\openexr\openexr\ilmimf\ilmimf.dir\debug\imfrlecompressor.obj
f:\games202\assignment2\prt\build\ext_build\openexr\openexr\ilmimf\ilmimf.dir\debug\imfconvert.obj
f:\games202\assignment2\prt\build\ext_build\openexr\openexr\ilmimf\ilmimf.dir\debug\imftimecodeattribute.obj
f:\games202\assignment2\prt\build\ext_build\openexr\openexr\ilmimf\ilmimf.dir\debug\imftiledmisc.obj
f:\games202\assignment2\prt\build\ext_build\openexr\openexr\ilmimf\ilmimf.dir\debug\imfpxr24compressor.obj
f:\games202\assignment2\prt\build\ext_build\openexr\openexr\ilmimf\ilmimf.dir\debug\imfacesfile.obj
f:\games202\assignment2\prt\build\ext_build\openexr\openexr\ilmimf\ilmimf.dir\debug\imfoutputpart.obj
f:\games202\assignment2\prt\build\ext_build\openexr\openexr\ilmimf\ilmimf.dir\debug\imfdeepscanlineoutputpart.obj
f:\games202\assignment2\prt\build\ext_build\openexr\openexr\ilmimf\ilmimf.dir\debug\imfdeepcompositing.obj
f:\games202\assignment2\prt\build\ext_build\openexr\openexr\ilmimf\ilmimf.dir\debug\imffasthuf.obj
f:\games202\assignment2\prt\build\ext_build\openexr\openexr\ilmimf\ilmimf.dir\debug\imfsystemspecific.obj
f:\games202\assignment2\prt\build\ext_build\openexr\openexr\ilmimf\ilmimf.dir\debug\imfdwacompressor.obj
f:\games202\assignment2\prt\build\ext_build\openexr\openexr\ilmimf\ilmimf.dir\debug\imfcompressionattribute.obj
f:\games202\assignment2\prt\build\ext_build\openexr\openexr\ilmimf\ilmimf.dir\debug\imfkeycodeattribute.obj
f:\games202\assignment2\prt\build\ext_build\openexr\openexr\ilmimf\ilmimf.dir\debug\imftiledinputfile.obj
f:\games202\assignment2\prt\build\ext_build\openexr\openexr\ilmimf\ilmimf.dir\debug\imfgenericoutputfile.obj
f:\games202\assignment2\prt\build\ext_build\openexr\openexr\ilmimf\ilmimf.dir\debug\imftiledinputpart.obj
f:\games202\assignment2\prt\build\ext_build\openexr\openexr\ilmimf\ilmimf.dir\debug\imfdeeptiledinputpart.obj
f:\games202\assignment2\prt\build\ext_build\openexr\openexr\ilmimf\ilmimf.dir\debug\imfcompositedeepscanline.obj
f:\games202\assignment2\prt\build\ext_build\openexr\openexr\ilmimf\ilmimf.dir\debug\ilmimf.pdb
f:\games202\assignment2\prt\build\ext_build\openexr\openexr\ilmimf\b44explogtable.h
f:\games202\assignment2\prt\build\ext_build\openexr\openexr\ilmimf\dwalookups.h
f:\games202\assignment2\prt\build\ext_build\openexr\openexr\ilmimf\cmakefiles\generate.stamp
f:\games202\assignment2\prt\build\ext_build\openexr\openexr\ilmimf\debug\ilmimf.lib
f:\games202\assignment2\prt\build\ext_build\openexr\openexr\ilmimf\ilmimf.dir\debug\ilmimf.tlog\cl.1180.write.1.tlog
f:\games202\assignment2\prt\build\ext_build\openexr\openexr\ilmimf\ilmimf.dir\debug\ilmimf.tlog\cl.command.1.tlog
f:\games202\assignment2\prt\build\ext_build\openexr\openexr\ilmimf\ilmimf.dir\debug\ilmimf.tlog\cl.read.1.tlog
f:\games202\assignment2\prt\build\ext_build\openexr\openexr\ilmimf\ilmimf.dir\debug\ilmimf.tlog\custombuild.command.1.tlog
f:\games202\assignment2\prt\build\ext_build\openexr\openexr\ilmimf\ilmimf.dir\debug\ilmimf.tlog\custombuild.read.1.tlog
f:\games202\assignment2\prt\build\ext_build\openexr\openexr\ilmimf\ilmimf.dir\debug\ilmimf.tlog\custombuild.write.1.tlog
f:\games202\assignment2\prt\build\ext_build\openexr\openexr\ilmimf\ilmimf.dir\debug\ilmimf.tlog\lib-link.read.1.tlog
f:\games202\assignment2\prt\build\ext_build\openexr\openexr\ilmimf\ilmimf.dir\debug\ilmimf.tlog\lib-link.write.1.tlog
f:\games202\assignment2\prt\build\ext_build\openexr\openexr\ilmimf\ilmimf.dir\debug\ilmimf.tlog\lib.command.1.tlog
